<?xml version="1.0" encoding="UTF-8"?>
<TestRun id="6382d57a-ee98-4973-8a2d-a3a2a7b4a387" name="Jamie@JAMIE-VAIO 2013-04-24 12:47:27" runUser="JAMIE-VAIO\Jamie" xmlns="http://microsoft.com/schemas/VisualStudio/TeamTest/2010">
  <TestSettings name="Default Test Settings" id="196a6e49-d8cd-4f33-9efe-d2fd25779f3b">
    <Execution>
      <TestTypeSpecific />
      <AgentRule name="Execution Agents">
      </AgentRule>
    </Execution>
    <Deployment runDeploymentRoot="Jamie_JAMIE-VAIO 2013-04-24 12_47_27" />
  </TestSettings>
  <Times creation="2013-04-24T12:47:27.4581123+01:00" queuing="2013-04-24T12:47:28.0891484+01:00" start="2013-04-24T12:47:28.2751590+01:00" finish="2013-04-24T12:47:29.9412543+01:00" />
  <ResultSummary outcome="Failed">
    <Counters total="1" executed="1" error="0" failed="1" timeout="0" aborted="0" inconclusive="0" passedButRunAborted="0" notRunnable="0" notExecuted="0" disconnected="0" warning="0" passed="0" completed="0" inProgress="0" pending="0" />
  </ResultSummary>
  <TestDefinitions>
    <UnitTest name="CreateSampleData" storage="c:\repositories\ravendb\ravendb.tests\bin\debug\ravendb.tests.dll" id="5d686d2f-53dd-0685-8504-8fa0bff9812a">
      <Execution timeOut="1800000" id="0683359c-3b27-4094-8222-d0854d19f5f4" />
      <TestMethod codeBase="C:/Repositories/RavenDB/RavenDB.Tests/bin/Debug/RavenDB.Tests.DLL" adapterTypeName="Microsoft.VisualStudio.TestTools.TestTypes.Unit.UnitTestAdapter, Microsoft.VisualStudio.QualityTools.Tips.UnitTest.Adapter, Version=10.0.0.0, Culture=neutral, PublicKeyToken=b03f5f7f11d50a3a" className="RavenDB.Tests.BasicTests, RavenDB.Tests, Version=1.0.0.0, Culture=neutral, PublicKeyToken=null" name="CreateSampleData" />
    </UnitTest>
  </TestDefinitions>
  <TestLists>
    <TestList name="Results Not in a List" id="8c84fa94-04c1-424b-9868-57a2d4851a1d" />
    <TestList name="All Loaded Results" id="19431567-8539-422a-85d7-44ee4e166bda" />
  </TestLists>
  <TestEntries>
    <TestEntry testId="5d686d2f-53dd-0685-8504-8fa0bff9812a" executionId="0683359c-3b27-4094-8222-d0854d19f5f4" testListId="8c84fa94-04c1-424b-9868-57a2d4851a1d" />
  </TestEntries>
  <Results>
    <UnitTestResult executionId="0683359c-3b27-4094-8222-d0854d19f5f4" testId="5d686d2f-53dd-0685-8504-8fa0bff9812a" testName="CreateSampleData" computerName="JAMIE-VAIO" duration="00:00:01.5050520" startTime="2013-04-24T12:47:28.3231618+01:00" endTime="2013-04-24T12:47:29.8892513+01:00" testType="13cdc9d9-ddb5-4fa4-a97d-d965ccfc6d4b" outcome="Failed" testListId="8c84fa94-04c1-424b-9868-57a2d4851a1d" relativeResultsDirectory="0683359c-3b27-4094-8222-d0854d19f5f4">
      <Output>
        <ErrorInfo>
          <Message>Test method RavenDB.Tests.BasicTests.CreateSampleData threw exception: 
System.ArgumentException: Object serialized to Array. RavenJObject instance expected.</Message>
          <StackTrace>    at Raven.Json.Linq.RavenJObject.FromObject(Object o, JsonSerializer jsonSerializer) in c:\Builds\RavenDB-Stable\Raven.Abstractions\Json\Linq\RavenJObject.cs:line 160
   at Raven.Client.Document.EntityToJson.GetObjectAsJson(Object entity) in c:\Builds\RavenDB-Stable\Raven.Client.Lightweight\Document\EntityToJson.cs:line 63
   at Raven.Client.Document.EntityToJson.ConvertEntityToJson(String key, Object entity, RavenJObject metadata) in c:\Builds\RavenDB-Stable\Raven.Client.Lightweight\Document\EntityToJson.cs:line 36
   at Raven.Client.Document.InMemoryDocumentSessionOperations.EntityChanged(Object entity, DocumentMetadata documentMetadata) in c:\Builds\RavenDB-Stable\Raven.Client.Lightweight\Document\InMemoryDocumentSessionOperations.cs:line 930
   at Raven.Client.Document.InMemoryDocumentSessionOperations.&lt;PrepareForEntitiesPuts&gt;b__14(KeyValuePair`2 pair) in c:\Builds\RavenDB-Stable\Raven.Client.Lightweight\Document\InMemoryDocumentSessionOperations.cs:line 782
   at System.Linq.Enumerable.WhereEnumerableIterator`1.MoveNext()
   at System.Linq.Buffer`1..ctor(IEnumerable`1 source)
   at System.Linq.Enumerable.ToArray[TSource](IEnumerable`1 source)
   at Raven.Client.Document.InMemoryDocumentSessionOperations.PrepareForEntitiesPuts(SaveChangesData result) in c:\Builds\RavenDB-Stable\Raven.Client.Lightweight\Document\InMemoryDocumentSessionOperations.cs:line 782
   at Raven.Client.Document.InMemoryDocumentSessionOperations.PrepareForSaveChanges() in c:\Builds\RavenDB-Stable\Raven.Client.Lightweight\Document\InMemoryDocumentSessionOperations.cs:line 775
   at Raven.Client.Document.DocumentSession.SaveChanges() in c:\Builds\RavenDB-Stable\Raven.Client.Lightweight\Document\DocumentSession.cs:line 484
   at RavenDB.Tests.BasicTests.CreateSampleData() in C:\Repositories\RavenDB\RavenDB.Tests\BasicTests.Tests.cs:line 67
</StackTrace>
        </ErrorInfo>
      </Output>
    </UnitTestResult>
  </Results>
</TestRun>